[debug] [2023-08-09T07:22:42.295Z] ----------------------------------------------------------------------
[debug] [2023-08-09T07:22:42.298Z] Command:       C:\Program Files\nodejs\node.exe C:\Users\nickl\AppData\Roaming\npm\node_modules\firebase-tools\lib\bin\firebase.js init
[debug] [2023-08-09T07:22:42.299Z] CLI Version:   12.4.7
[debug] [2023-08-09T07:22:42.300Z] Platform:      win32
[debug] [2023-08-09T07:22:42.300Z] Node Version:  v18.16.0
[debug] [2023-08-09T07:22:42.302Z] Time:          Wed Aug 09 2023 00:22:42 GMT-0700 (Pacific Daylight Saving Time)
[debug] [2023-08-09T07:22:42.302Z] ----------------------------------------------------------------------
[debug] 
[debug] [2023-08-09T07:22:42.308Z] >>> [apiv2][query] GET https://firebase-public.firebaseio.com/cli.json [none]
[debug] [2023-08-09T07:22:42.372Z] > command requires scopes: ["email","openid","https://www.googleapis.com/auth/cloudplatformprojects.readonly","https://www.googleapis.com/auth/firebase","https://www.googleapis.com/auth/cloud-platform"]
[debug] [2023-08-09T07:22:42.372Z] > authorizing via signed-in user (fizzycandy1@gmail.com)
[info] 
     ######## #### ########  ######## ########     ###     ######  ########
     ##        ##  ##     ## ##       ##     ##  ##   ##  ##       ##
     ######    ##  ########  ######   ########  #########  ######  ######
     ##        ##  ##    ##  ##       ##     ## ##     ##       ## ##
     ##       #### ##     ## ######## ########  ##     ##  ######  ########

You're about to initialize a Firebase project in this directory:

  H:\Projects\react-firebase-crud

[debug] [2023-08-09T07:22:42.531Z] <<< [apiv2][status] GET https://firebase-public.firebaseio.com/cli.json 200
[debug] [2023-08-09T07:22:42.532Z] <<< [apiv2][body] GET https://firebase-public.firebaseio.com/cli.json {"cloudBuildErrorAfter":1594252800000,"cloudBuildWarnAfter":1590019200000,"defaultNode10After":1594252800000,"minVersion":"3.0.5","node8DeploysDisabledAfter":1613390400000,"node8RuntimeDisabledAfter":1615809600000,"node8WarnAfter":1600128000000}
